<?xml version="1.0" encoding="UTF-8"?>
<coverage generated="1766094338861" clover="3.2.0">
  <project timestamp="1766094338861" name="All files">
    <metrics statements="41" coveredstatements="26" conditionals="17" coveredconditionals="6" methods="2" coveredmethods="1" elements="60" coveredelements="33" complexity="0" loc="41" ncloc="41" packages="1" files="3" classes="3"/>
    <file name="bitcoinfees.ts" path="/home/mrx_hck3r/sovereign-comm/gateway/src/bitcoinfees.ts">
      <metrics statements="20" coveredstatements="16" conditionals="7" coveredconditionals="5" methods="1" coveredmethods="1"/>
      <line num="6" count="1" type="stmt"/>
      <line num="8" count="1" type="stmt"/>
      <line num="22" count="1" type="stmt"/>
      <line num="23" count="1" type="stmt"/>
      <line num="30" count="1" type="stmt"/>
      <line num="31" count="4" type="stmt"/>
      <line num="34" count="4" type="cond" truecount="3" falsecount="0"/>
      <line num="35" count="3" type="stmt"/>
      <line num="36" count="3" type="stmt"/>
      <line num="39" count="1" type="stmt"/>
      <line num="40" count="1" type="stmt"/>
      <line num="41" count="1" type="stmt"/>
      <line num="43" count="1" type="cond" truecount="2" falsecount="1"/>
      <line num="44" count="0" type="stmt"/>
      <line num="47" count="1" type="stmt"/>
      <line num="50" count="1" type="stmt"/>
      <line num="55" count="1" type="stmt"/>
      <line num="57" count="0" type="cond" truecount="0" falsecount="1"/>
      <line num="58" count="0" type="stmt"/>
      <line num="61" count="0" type="stmt"/>
    </file>
    <file name="logger.service.ts" path="/home/mrx_hck3r/sovereign-comm/gateway/src/logger.service.ts">
      <metrics statements="5" coveredstatements="5" conditionals="1" coveredconditionals="1" methods="0" coveredmethods="0"/>
      <line num="1" count="1" type="stmt"/>
      <line num="3" count="1" type="stmt"/>
      <line num="22" count="1" type="cond" truecount="1" falsecount="0"/>
      <line num="23" count="1" type="stmt"/>
      <line num="28" count="1" type="stmt"/>
    </file>
    <file name="market-data.service.ts" path="/home/mrx_hck3r/sovereign-comm/gateway/src/market-data.service.ts">
      <metrics statements="16" coveredstatements="5" conditionals="9" coveredconditionals="0" methods="1" coveredmethods="0"/>
      <line num="6" count="1" type="stmt"/>
      <line num="7" count="1" type="stmt"/>
      <line num="9" count="1" type="stmt"/>
      <line num="16" count="1" type="stmt"/>
      <line num="23" count="1" type="stmt"/>
      <line num="24" count="0" type="stmt"/>
      <line num="26" count="0" type="cond" truecount="0" falsecount="3"/>
      <line num="27" count="0" type="stmt"/>
      <line num="30" count="0" type="stmt"/>
      <line num="31" count="0" type="stmt"/>
      <line num="32" count="0" type="stmt"/>
      <line num="33" count="0" type="stmt"/>
      <line num="34" count="0" type="stmt"/>
      <line num="35" count="0" type="stmt"/>
      <line num="37" count="0" type="stmt"/>
      <line num="39" count="0" type="cond" truecount="0" falsecount="6"/>
    </file>
  </project>
</coverage>
