{"/home/mrx_hck3r/sovereign-comm/gateway/src/bitcoinfees.service.ts": {"path":"/home/mrx_hck3r/sovereign-comm/gateway/src/bitcoinfees.service.ts","statementMap":{"0":{"start":{"line":19,"column":0},"end":{"line":19,"column":22}},"1":{"start":{"line":6,"column":0},"end":{"line":6,"column":26}},"2":{"start":{"line":7,"column":0},"end":{"line":7,"column":41}},"3":{"start":{"line":9,"column":20},"end":{"line":9,"column":67}},"4":{"start":{"line":20,"column":2},"end":{"line":26,"column":3}},"5":{"start":{"line":21,"column":21},"end":{"line":21,"column":59}},"6":{"start":{"line":22,"column":4},"end":{"line":22,"column":16}},"7":{"start":{"line":24,"column":4},"end":{"line":24,"column":110}},"8":{"start":{"line":25,"column":4},"end":{"line":25,"column":58}}},"fnMap":{"0":{"name":"getRecommendedFees","decl":{"start":{"line":19,"column":22},"end":{"line":19,"column":40}},"loc":{"start":{"line":19,"column":40},"end":{"line":27,"column":null}}}},"branchMap":{},"s":{"0":1,"1":1,"2":1,"3":1,"4":0,"5":0,"6":0,"7":0,"8":0},"f":{"0":0},"b":{}}
,"/home/mrx_hck3r/sovereign-comm/gateway/src/bitcoinfees.ts": {"path":"/home/mrx_hck3r/sovereign-comm/gateway/src/bitcoinfees.ts","statementMap":{"0":{"start":{"line":31,"column":0},"end":{"line":31,"column":22}},"1":{"start":{"line":6,"column":0},"end":{"line":6,"column":26}},"2":{"start":{"line":7,"column":0},"end":{"line":7,"column":41}},"3":{"start":{"line":9,"column":30},"end":{"line":9,"column":77}},"4":{"start":{"line":23,"column":68},"end":{"line":23,"column":72}},"5":{"start":{"line":24,"column":21},"end":{"line":24,"column":34}},"6":{"start":{"line":32,"column":14},"end":{"line":32,"column":24}},"7":{"start":{"line":35,"column":2},"end":{"line":38,"column":3}},"8":{"start":{"line":36,"column":4},"end":{"line":36,"column":61}},"9":{"start":{"line":37,"column":4},"end":{"line":37,"column":32}},"10":{"start":{"line":40,"column":2},"end":{"line":61,"column":3}},"11":{"start":{"line":41,"column":4},"end":{"line":41,"column":67}},"12":{"start":{"line":42,"column":21},"end":{"line":42,"column":69}},"13":{"start":{"line":44,"column":4},"end":{"line":46,"column":5}},"14":{"start":{"line":45,"column":6},"end":{"line":45,"column":85}},"15":{"start":{"line":48,"column":4},"end":{"line":48,"column":113}},"16":{"start":{"line":51,"column":4},"end":{"line":54,"column":6}},"17":{"start":{"line":56,"column":4},"end":{"line":56,"column":25}},"18":{"start":{"line":58,"column":4},"end":{"line":58,"column":97}},"19":{"start":{"line":60,"column":4},"end":{"line":60,"column":58}}},"fnMap":{"0":{"name":"getRecommendedFees","decl":{"start":{"line":31,"column":22},"end":{"line":31,"column":40}},"loc":{"start":{"line":31,"column":40},"end":{"line":62,"column":null}}}},"branchMap":{"0":{"loc":{"start":{"line":35,"column":2},"end":{"line":38,"column":3}},"type":"if","locations":[{"start":{"line":35,"column":2},"end":{"line":38,"column":3}}]},"1":{"loc":{"start":{"line":35,"column":6},"end":{"line":35,"column":71}},"type":"binary-expr","locations":[{"start":{"line":35,"column":6},"end":{"line":35,"column":20}},{"start":{"line":35,"column":25},"end":{"line":35,"column":70}}]},"2":{"loc":{"start":{"line":44,"column":4},"end":{"line":46,"column":5}},"type":"if","locations":[{"start":{"line":44,"column":4},"end":{"line":46,"column":5}}]},"3":{"loc":{"start":{"line":44,"column":8},"end":{"line":44,"column":49}},"type":"binary-expr","locations":[{"start":{"line":44,"column":8},"end":{"line":44,"column":31}},{"start":{"line":44,"column":35},"end":{"line":44,"column":49}}]}},"s":{"0":1,"1":1,"2":1,"3":1,"4":1,"5":1,"6":5,"7":5,"8":4,"9":4,"10":1,"11":1,"12":1,"13":1,"14":0,"15":1,"16":1,"17":1,"18":0,"19":0},"f":{"0":5},"b":{"0":[4],"1":[5,4],"2":[0],"3":[1,1]}}
,"/home/mrx_hck3r/sovereign-comm/gateway/src/logger.service.ts": {"path":"/home/mrx_hck3r/sovereign-comm/gateway/src/logger.service.ts","statementMap":{"0":{"start":{"line":1,"column":0},"end":{"line":1,"column":30}},"1":{"start":{"line":3,"column":15},"end":{"line":18,"column":2}},"2":{"start":{"line":22,"column":0},"end":{"line":26,"column":1}},"3":{"start":{"line":23,"column":2},"end":{"line":25,"column":6}},"4":{"start":{"line":28,"column":0},"end":{"line":28,"column":22}}},"fnMap":{},"branchMap":{"0":{"loc":{"start":{"line":22,"column":0},"end":{"line":26,"column":1}},"type":"if","locations":[{"start":{"line":22,"column":0},"end":{"line":26,"column":1}}]}},"s":{"0":1,"1":1,"2":1,"3":1,"4":1},"f":{},"b":{"0":[1]}}
,"/home/mrx_hck3r/sovereign-comm/gateway/src/market-data.service.ts": {"path":"/home/mrx_hck3r/sovereign-comm/gateway/src/market-data.service.ts","statementMap":{"0":{"start":{"line":23,"column":0},"end":{"line":23,"column":22}},"1":{"start":{"line":6,"column":0},"end":{"line":6,"column":26}},"2":{"start":{"line":7,"column":0},"end":{"line":7,"column":41}},"3":{"start":{"line":9,"column":31},"end":{"line":9,"column":44}},"4":{"start":{"line":16,"column":40},"end":{"line":16,"column":44}},"5":{"start":{"line":24,"column":14},"end":{"line":24,"column":24}},"6":{"start":{"line":26,"column":2},"end":{"line":28,"column":3}},"7":{"start":{"line":27,"column":4},"end":{"line":27,"column":58}},"8":{"start":{"line":30,"column":2},"end":{"line":40,"column":3}},"9":{"start":{"line":31,"column":4},"end":{"line":31,"column":79}},"10":{"start":{"line":32,"column":21},"end":{"line":32,"column":115}},"11":{"start":{"line":33,"column":18},"end":{"line":33,"column":43}},"12":{"start":{"line":34,"column":4},"end":{"line":34,"column":46}},"13":{"start":{"line":35,"column":4},"end":{"line":35,"column":37}},"14":{"start":{"line":37,"column":4},"end":{"line":37,"column":129}},"15":{"start":{"line":39,"column":4},"end":{"line":39,"column":67}}},"fnMap":{"0":{"name":"getBtcPriceUsd","decl":{"start":{"line":23,"column":22},"end":{"line":23,"column":36}},"loc":{"start":{"line":23,"column":36},"end":{"line":41,"column":null}}}},"branchMap":{"0":{"loc":{"start":{"line":26,"column":2},"end":{"line":28,"column":3}},"type":"if","locations":[{"start":{"line":26,"column":2},"end":{"line":28,"column":3}}]},"1":{"loc":{"start":{"line":26,"column":6},"end":{"line":26,"column":79}},"type":"binary-expr","locations":[{"start":{"line":26,"column":6},"end":{"line":26,"column":19}},{"start":{"line":26,"column":24},"end":{"line":26,"column":78}}]},"2":{"loc":{"start":{"line":39,"column":20},"end":{"line":39,"column":49}},"type":"binary-expr","locations":[{"start":{"line":39,"column":20},"end":{"line":39,"column":40}},{"start":{"line":39,"column":44},"end":{"line":39,"column":49}}]},"3":{"loc":{"start":{"line":39,"column":20},"end":{"line":39,"column":40}},"type":"cond-expr","locations":[{"start":{"line":39,"column":33},"end":{"line":39,"column":35}},{"start":{"line":39,"column":20},"end":{"line":39,"column":40}}]},"4":{"loc":{"start":{"line":39,"column":20},"end":{"line":39,"column":35}},"type":"binary-expr","locations":[{"start":{"line":39,"column":20},"end":{"line":39,"column":35}},{"start":{"line":39,"column":20},"end":{"line":39,"column":35}}]}},"s":{"0":2,"1":2,"2":2,"3":2,"4":2,"5":6,"6":6,"7":5,"8":1,"9":1,"10":1,"11":1,"12":1,"13":1,"14":0,"15":0},"f":{"0":6},"b":{"0":[5],"1":[6,5],"2":[0,0],"3":[0,0],"4":[0,0]}}
,"/home/mrx_hck3r/sovereign-comm/gateway/src/pricing.service.ts": {"path":"/home/mrx_hck3r/sovereign-comm/gateway/src/pricing.service.ts","statementMap":{"0":{"start":{"line":35,"column":0},"end":{"line":35,"column":22}},"1":{"start":{"line":6,"column":0},"end":{"line":6,"column":62}},"2":{"start":{"line":7,"column":0},"end":{"line":7,"column":41}},"3":{"start":{"line":8,"column":0},"end":{"line":8,"column":58}},"4":{"start":{"line":9,"column":0},"end":{"line":9,"column":null}},"5":{"start":{"line":35,"column":35},"end":{"line":79,"column":null}},"6":{"start":{"line":37,"column":30},"end":{"line":37,"column":100}},"7":{"start":{"line":37,"column":70},"end":{"line":37,"column":96}},"8":{"start":{"line":38,"column":24},"end":{"line":38,"column":57}},"9":{"start":{"line":41,"column":39},"end":{"line":41,"column":61}},"10":{"start":{"line":42,"column":2},"end":{"line":44,"column":3}},"11":{"start":{"line":43,"column":4},"end":{"line":43,"column":88}},"12":{"start":{"line":47,"column":22},"end":{"line":47,"column":57}},"13":{"start":{"line":48,"column":21},"end":{"line":48,"column":59}},"14":{"start":{"line":51,"column":2},"end":{"line":53,"column":3}},"15":{"start":{"line":52,"column":4},"end":{"line":52,"column":68}},"16":{"start":{"line":56,"column":29},"end":{"line":56,"column":73}},"17":{"start":{"line":59,"column":29},"end":{"line":59,"column":61}},"18":{"start":{"line":60,"column":2},"end":{"line":66,"column":3}},"19":{"start":{"line":61,"column":21},"end":{"line":61,"column":47}},"20":{"start":{"line":63,"column":4},"end":{"line":63,"column":78}},"21":{"start":{"line":65,"column":4},"end":{"line":65,"column":152}},"22":{"start":{"line":69,"column":31},"end":{"line":69,"column":64}},"23":{"start":{"line":72,"column":24},"end":{"line":72,"column":108}},"24":{"start":{"line":75,"column":19},"end":{"line":75,"column":63}},"25":{"start":{"line":78,"column":2},"end":{"line":78,"column":29}}},"fnMap":{"0":{"name":"calculateFee","decl":{"start":{"line":35,"column":22},"end":{"line":35,"column":34}},"loc":{"start":{"line":35,"column":34},"end":{"line":79,"column":null}}},"1":{"name":"(anonymous_9)","decl":{"start":{"line":35,"column":35},"end":{"line":35,"column":54}},"loc":{"start":{"line":35,"column":90},"end":{"line":79,"column":1}}},"2":{"name":"(anonymous_10)","decl":{"start":{"line":37,"column":49},"end":{"line":37,"column":50}},"loc":{"start":{"line":37,"column":70},"end":{"line":37,"column":96}}}},"branchMap":{"0":{"loc":{"start":{"line":35,"column":56},"end":{"line":35,"column":90}},"type":"default-arg","locations":[{"start":{"line":35,"column":88},"end":{"line":35,"column":90}}]},"1":{"loc":{"start":{"line":42,"column":2},"end":{"line":44,"column":3}},"type":"if","locations":[{"start":{"line":42,"column":2},"end":{"line":44,"column":3}}]},"2":{"loc":{"start":{"line":51,"column":2},"end":{"line":53,"column":3}},"type":"if","locations":[{"start":{"line":51,"column":2},"end":{"line":53,"column":3}}]}},"s":{"0":1,"1":1,"2":1,"3":1,"4":1,"5":3,"6":3,"7":2,"8":3,"9":3,"10":3,"11":1,"12":3,"13":3,"14":3,"15":1,"16":3,"17":3,"18":3,"19":3,"20":3,"21":0,"22":3,"23":3,"24":3,"25":3},"f":{"0":3,"1":3,"2":2},"b":{"0":[0],"1":[1],"2":[1]}}
}
