{"/home/mrx_hck3r/sovereign-comm/gateway/src/bitcoinfees.ts": {"path":"/home/mrx_hck3r/sovereign-comm/gateway/src/bitcoinfees.ts","statementMap":{"0":{"start":{"line":30,"column":0},"end":{"line":30,"column":22}},"1":{"start":{"line":6,"column":0},"end":{"line":6,"column":26}},"2":{"start":{"line":8,"column":30},"end":{"line":8,"column":77}},"3":{"start":{"line":22,"column":68},"end":{"line":22,"column":72}},"4":{"start":{"line":23,"column":21},"end":{"line":23,"column":34}},"5":{"start":{"line":31,"column":14},"end":{"line":31,"column":24}},"6":{"start":{"line":34,"column":2},"end":{"line":37,"column":3}},"7":{"start":{"line":35,"column":4},"end":{"line":35,"column":61}},"8":{"start":{"line":36,"column":4},"end":{"line":36,"column":32}},"9":{"start":{"line":39,"column":2},"end":{"line":62,"column":3}},"10":{"start":{"line":40,"column":4},"end":{"line":40,"column":67}},"11":{"start":{"line":41,"column":21},"end":{"line":41,"column":69}},"12":{"start":{"line":43,"column":4},"end":{"line":45,"column":5}},"13":{"start":{"line":44,"column":6},"end":{"line":44,"column":85}},"14":{"start":{"line":47,"column":4},"end":{"line":47,"column":113}},"15":{"start":{"line":50,"column":4},"end":{"line":53,"column":6}},"16":{"start":{"line":55,"column":4},"end":{"line":55,"column":25}},"17":{"start":{"line":57,"column":4},"end":{"line":59,"column":5}},"18":{"start":{"line":58,"column":6},"end":{"line":58,"column":78}},"19":{"start":{"line":61,"column":4},"end":{"line":61,"column":58}}},"fnMap":{"0":{"name":"getRecommendedFees","decl":{"start":{"line":30,"column":22},"end":{"line":30,"column":40}},"loc":{"start":{"line":30,"column":40},"end":{"line":63,"column":null}}}},"branchMap":{"0":{"loc":{"start":{"line":34,"column":2},"end":{"line":37,"column":3}},"type":"if","locations":[{"start":{"line":34,"column":2},"end":{"line":37,"column":3}}]},"1":{"loc":{"start":{"line":34,"column":6},"end":{"line":34,"column":71}},"type":"binary-expr","locations":[{"start":{"line":34,"column":6},"end":{"line":34,"column":20}},{"start":{"line":34,"column":25},"end":{"line":34,"column":70}}]},"2":{"loc":{"start":{"line":43,"column":4},"end":{"line":45,"column":5}},"type":"if","locations":[{"start":{"line":43,"column":4},"end":{"line":45,"column":5}}]},"3":{"loc":{"start":{"line":43,"column":8},"end":{"line":43,"column":49}},"type":"binary-expr","locations":[{"start":{"line":43,"column":8},"end":{"line":43,"column":31}},{"start":{"line":43,"column":35},"end":{"line":43,"column":49}}]},"4":{"loc":{"start":{"line":57,"column":4},"end":{"line":59,"column":5}},"type":"if","locations":[{"start":{"line":57,"column":4},"end":{"line":59,"column":5}}]}},"s":{"0":1,"1":1,"2":1,"3":1,"4":1,"5":4,"6":4,"7":3,"8":3,"9":1,"10":1,"11":1,"12":1,"13":0,"14":1,"15":1,"16":1,"17":0,"18":0,"19":0},"f":{"0":4},"b":{"0":[3],"1":[4,3],"2":[0],"3":[1,1],"4":[0]}}
,"/home/mrx_hck3r/sovereign-comm/gateway/src/logger.service.ts": {"path":"/home/mrx_hck3r/sovereign-comm/gateway/src/logger.service.ts","statementMap":{"0":{"start":{"line":1,"column":0},"end":{"line":1,"column":30}},"1":{"start":{"line":3,"column":15},"end":{"line":18,"column":2}},"2":{"start":{"line":22,"column":0},"end":{"line":26,"column":1}},"3":{"start":{"line":23,"column":2},"end":{"line":25,"column":6}},"4":{"start":{"line":28,"column":0},"end":{"line":28,"column":22}}},"fnMap":{},"branchMap":{"0":{"loc":{"start":{"line":22,"column":0},"end":{"line":26,"column":1}},"type":"if","locations":[{"start":{"line":22,"column":0},"end":{"line":26,"column":1}}]}},"s":{"0":1,"1":1,"2":1,"3":1,"4":1},"f":{},"b":{"0":[1]}}
,"/home/mrx_hck3r/sovereign-comm/gateway/src/market-data.service.ts": {"path":"/home/mrx_hck3r/sovereign-comm/gateway/src/market-data.service.ts","statementMap":{"0":{"start":{"line":23,"column":0},"end":{"line":23,"column":22}},"1":{"start":{"line":6,"column":0},"end":{"line":6,"column":26}},"2":{"start":{"line":7,"column":0},"end":{"line":7,"column":41}},"3":{"start":{"line":9,"column":31},"end":{"line":9,"column":44}},"4":{"start":{"line":16,"column":40},"end":{"line":16,"column":44}},"5":{"start":{"line":24,"column":14},"end":{"line":24,"column":24}},"6":{"start":{"line":26,"column":2},"end":{"line":28,"column":3}},"7":{"start":{"line":27,"column":4},"end":{"line":27,"column":58}},"8":{"start":{"line":30,"column":2},"end":{"line":40,"column":3}},"9":{"start":{"line":31,"column":4},"end":{"line":31,"column":79}},"10":{"start":{"line":32,"column":21},"end":{"line":32,"column":115}},"11":{"start":{"line":33,"column":18},"end":{"line":33,"column":43}},"12":{"start":{"line":34,"column":4},"end":{"line":34,"column":46}},"13":{"start":{"line":35,"column":4},"end":{"line":35,"column":37}},"14":{"start":{"line":37,"column":4},"end":{"line":37,"column":129}},"15":{"start":{"line":39,"column":4},"end":{"line":39,"column":67}}},"fnMap":{"0":{"name":"getBtcPriceUsd","decl":{"start":{"line":23,"column":22},"end":{"line":23,"column":36}},"loc":{"start":{"line":23,"column":36},"end":{"line":41,"column":null}}}},"branchMap":{"0":{"loc":{"start":{"line":26,"column":2},"end":{"line":28,"column":3}},"type":"if","locations":[{"start":{"line":26,"column":2},"end":{"line":28,"column":3}}]},"1":{"loc":{"start":{"line":26,"column":6},"end":{"line":26,"column":79}},"type":"binary-expr","locations":[{"start":{"line":26,"column":6},"end":{"line":26,"column":19}},{"start":{"line":26,"column":24},"end":{"line":26,"column":78}}]},"2":{"loc":{"start":{"line":39,"column":20},"end":{"line":39,"column":49}},"type":"binary-expr","locations":[{"start":{"line":39,"column":20},"end":{"line":39,"column":40}},{"start":{"line":39,"column":44},"end":{"line":39,"column":49}}]},"3":{"loc":{"start":{"line":39,"column":20},"end":{"line":39,"column":40}},"type":"cond-expr","locations":[{"start":{"line":39,"column":33},"end":{"line":39,"column":35}},{"start":{"line":39,"column":20},"end":{"line":39,"column":40}}]},"4":{"loc":{"start":{"line":39,"column":20},"end":{"line":39,"column":35}},"type":"binary-expr","locations":[{"start":{"line":39,"column":20},"end":{"line":39,"column":35}},{"start":{"line":39,"column":20},"end":{"line":39,"column":35}}]}},"s":{"0":1,"1":1,"2":1,"3":1,"4":1,"5":0,"6":0,"7":0,"8":0,"9":0,"10":0,"11":0,"12":0,"13":0,"14":0,"15":0},"f":{"0":0},"b":{"0":[0],"1":[0,0],"2":[0,0],"3":[0,0],"4":[0,0]}}
}
