TN:
SF:gateway/src/bitcoinfees.service.ts
FN:19,getRecommendedFees
FNF:1
FNH:0
FNDA:0,getRecommendedFees
DA:6,1
DA:7,1
DA:9,1
DA:19,1
DA:20,0
DA:21,0
DA:22,0
DA:24,0
DA:25,0
LF:9
LH:4
BRF:0
BRH:0
end_of_record
TN:
SF:gateway/src/bitcoinfees.ts
FN:31,getRecommendedFees
FNF:1
FNH:1
FNDA:5,getRecommendedFees
DA:6,1
DA:7,1
DA:9,1
DA:23,1
DA:24,1
DA:31,1
DA:32,5
DA:35,5
DA:36,4
DA:37,4
DA:40,1
DA:41,1
DA:42,1
DA:44,1
DA:45,0
DA:48,1
DA:51,1
DA:56,1
DA:58,0
DA:60,0
LF:20
LH:17
BRDA:35,0,0,4
BRDA:35,1,0,5
BRDA:35,1,1,4
BRDA:44,2,0,0
BRDA:44,3,0,1
BRDA:44,3,1,1
BRF:6
BRH:5
end_of_record
TN:
SF:gateway/src/logger.service.ts
FNF:0
FNH:0
DA:1,1
DA:3,1
DA:22,1
DA:23,1
DA:28,1
LF:5
LH:5
BRDA:22,0,0,1
BRF:1
BRH:1
end_of_record
TN:
SF:gateway/src/market-data.service.ts
FN:23,getBtcPriceUsd
FNF:1
FNH:1
FNDA:6,getBtcPriceUsd
DA:6,2
DA:7,2
DA:9,2
DA:16,2
DA:23,2
DA:24,6
DA:26,6
DA:27,5
DA:30,1
DA:31,1
DA:32,1
DA:33,1
DA:34,1
DA:35,1
DA:37,0
DA:39,0
LF:16
LH:14
BRDA:26,0,0,5
BRDA:26,1,0,6
BRDA:26,1,1,5
BRDA:39,2,0,0
BRDA:39,2,1,0
BRDA:39,3,0,0
BRDA:39,3,1,0
BRDA:39,4,0,0
BRDA:39,4,1,0
BRF:9
BRH:3
end_of_record
TN:
SF:gateway/src/pricing.service.ts
FN:35,calculateFee
FN:35,(anonymous_9)
FN:37,(anonymous_10)
FNF:3
FNH:3
FNDA:3,calculateFee
FNDA:3,(anonymous_9)
FNDA:2,(anonymous_10)
DA:6,1
DA:7,1
DA:8,1
DA:9,1
DA:35,3
DA:37,3
DA:38,3
DA:41,3
DA:42,3
DA:43,1
DA:47,3
DA:48,3
DA:51,3
DA:52,1
DA:56,3
DA:59,3
DA:60,3
DA:61,3
DA:63,3
DA:65,0
DA:69,3
DA:72,3
DA:75,3
DA:78,3
LF:24
LH:23
BRDA:35,0,0,0
BRDA:42,1,0,1
BRDA:51,2,0,1
BRF:3
BRH:2
end_of_record
