TN:
SF:gateway/src/bitcoinfees.ts
FN:30,getRecommendedFees
FNF:1
FNH:1
FNDA:4,getRecommendedFees
DA:6,1
DA:8,1
DA:22,1
DA:23,1
DA:30,1
DA:31,4
DA:34,4
DA:35,3
DA:36,3
DA:39,1
DA:40,1
DA:41,1
DA:43,1
DA:44,0
DA:47,1
DA:50,1
DA:55,1
DA:57,0
DA:58,0
DA:61,0
LF:20
LH:16
BRDA:34,0,0,3
BRDA:34,1,0,4
BRDA:34,1,1,3
BRDA:43,2,0,0
BRDA:43,3,0,1
BRDA:43,3,1,1
BRDA:57,4,0,0
BRF:7
BRH:5
end_of_record
TN:
SF:gateway/src/logger.service.ts
FNF:0
FNH:0
DA:1,1
DA:3,1
DA:22,1
DA:23,1
DA:28,1
LF:5
LH:5
BRDA:22,0,0,1
BRF:1
BRH:1
end_of_record
TN:
SF:gateway/src/market-data.service.ts
FN:23,getBtcPriceUsd
FNF:1
FNH:0
FNDA:0,getBtcPriceUsd
DA:6,1
DA:7,1
DA:9,1
DA:16,1
DA:23,1
DA:24,0
DA:26,0
DA:27,0
DA:30,0
DA:31,0
DA:32,0
DA:33,0
DA:34,0
DA:35,0
DA:37,0
DA:39,0
LF:16
LH:5
BRDA:26,0,0,0
BRDA:26,1,0,0
BRDA:26,1,1,0
BRDA:39,2,0,0
BRDA:39,2,1,0
BRDA:39,3,0,0
BRDA:39,3,1,0
BRDA:39,4,0,0
BRDA:39,4,1,0
BRF:9
BRH:0
end_of_record
